\BOOKMARK [0][-]{section*.1}{ Acknowledgments}{}% 1
\BOOKMARK [0][-]{section*.2}{ Abstract}{}% 2
\BOOKMARK [0][-]{section*.3}{ Contents}{}% 3
\BOOKMARK [0][-]{chapter.1}{Movement and Search}{}% 4
\BOOKMARK [1][-]{section.1.1}{Introduction}{chapter.1}% 5
\BOOKMARK [1][-]{section.1.2}{Biological encounters as a reaction-diffusion process}{chapter.1}% 6
\BOOKMARK [0][-]{chapter.2}{Random Walks}{}% 7
\BOOKMARK [1][-]{section.2.1}{Central Limit Theorems}{chapter.2}% 8
\BOOKMARK [1][-]{section.2.2}{Normal diffusion and Brownian motion}{chapter.2}% 9
\BOOKMARK [1][-]{section.2.3}{Anomalous diffusion}{chapter.2}% 10
\BOOKMARK [2][-]{subsection.2.3.1}{Anomalous diffusion with H = 1/2}{section.2.3}% 11
\BOOKMARK [2][-]{subsection.2.3.2}{Generalized Hurst exponents}{section.2.3}% 12
\BOOKMARK [2][-]{subsection.2.3.3}{Mathematical formalism for anomalous diffusion}{section.2.3}% 13
\BOOKMARK [0][-]{chapter.3}{L\351vy Flights and L\351vy Walks}{}% 14
\BOOKMARK [1][-]{section.3.1}{Hurst exponents for L\351vy flights and walks}{chapter.3}% 15
\BOOKMARK [1][-]{section.3.2}{L\351vy flight foraging hypothesis}{chapter.3}% 16
\BOOKMARK [1][-]{section.3.3}{Evidence for L\351vy foraging behavior}{chapter.3}% 17
\BOOKMARK [0][-]{chapter.4}{Experiments and Simulations}{}% 18
\BOOKMARK [1][-]{section.4.1}{Phototaxis}{chapter.4}% 19
\BOOKMARK [1][-]{section.4.2}{The setup}{chapter.4}% 20
\BOOKMARK [1][-]{section.4.3}{Experiments}{chapter.4}% 21
\BOOKMARK [2][-]{subsection.4.3.1}{Constant t}{section.4.3}% 22
\BOOKMARK [2][-]{subsection.4.3.2}{Power-law distributed t }{section.4.3}% 23
\BOOKMARK [0][-]{chapter.5}{Conclusion and Scope}{}% 24
\BOOKMARK [0][-]{Item.9}{ References}{}% 25
